<?xml version="1.0" encoding="UTF-8"?>
<coverage generated="1755524662878" clover="3.2.0">
  <project timestamp="1755524662878" name="All files">
    <metrics statements="6" coveredstatements="5" conditionals="0" coveredconditionals="0" methods="2" coveredmethods="1" elements="8" coveredelements="6" complexity="0" loc="6" ncloc="6" packages="1" files="2" classes="2"/>
    <file name="HomePage.tsx" path="/Users/dennie/Projects/frontend-template/client/src/views/Home/HomePage.tsx">
      <metrics statements="5" coveredstatements="4" conditionals="0" coveredconditionals="0" methods="2" coveredmethods="1"/>
      <line num="6" count="1" type="stmt"/>
      <line num="7" count="1" type="stmt"/>
      <line num="9" count="1" type="stmt"/>
      <line num="11" count="0" type="stmt"/>
      <line num="14" count="1" type="stmt"/>
    </file>
    <file name="mockData.ts" path="/Users/dennie/Projects/frontend-template/client/src/views/Home/mockData.ts">
      <metrics statements="1" coveredstatements="1" conditionals="0" coveredconditionals="0" methods="0" coveredmethods="0"/>
      <line num="1" count="1" type="stmt"/>
    </file>
  </project>
</coverage>
